C51 COMPILER V9.54   DELAY                                                                 10/24/2025 00:28:18 PAGE 1   


C51 COMPILER V9.54, COMPILATION OF MODULE DELAY
OBJECT MODULE PLACED IN .\Objects\delay.obj
COMPILER INVOKED BY: d:\Keil_v5\C51\BIN\C51.EXE delay.c OPTIMIZE(8,SPEED) BROWSE DEBUG OBJECTEXTEND PRINT(.\Listings\del
                    -ay.lst) OBJECT(.\Objects\delay.obj)

line level    source

   1          #include "./std.h"
   2          
   3          void Delay100ms()               //@11.0592MHz
   4          {
   5   1              unsigned char i, j, k;
   6   1      
   7   1              _nop_();
   8   1              _nop_();
   9   1              i = 5;
  10   1              j = 52;
  11   1              k = 195;
  12   1              do
  13   1              {
  14   2                      do
  15   2                      {
  16   3                              while (--k);
  17   3                      } while (--j);
  18   2              } while (--i);
  19   1      }
  20          
  21          void DelayXms(unsigned int xms) //@11.0592MHz
  22          {
  23   1              unsigned char i, j;
  24   1              while(xms--){
  25   2                      _nop_();
  26   2                      i = 2;
  27   2                      j = 199;
  28   2                      do
  29   2                      {
  30   3                              while (--j);
  31   3                      } while (--i);
  32   2              }
  33   1      
  34   1      }


MODULE INFORMATION:   STATIC OVERLAYABLE
   CODE SIZE        =     37    ----
   CONSTANT SIZE    =   ----    ----
   XDATA SIZE       =   ----    ----
   PDATA SIZE       =   ----    ----
   DATA SIZE        =   ----    ----
   IDATA SIZE       =   ----    ----
   BIT SIZE         =   ----    ----
END OF MODULE INFORMATION.


C51 COMPILATION COMPLETE.  0 WARNING(S),  0 ERROR(S)
