C51 COMPILER V9.54   DIGITAL_V2                                                            10/27/2025 23:42:57 PAGE 1   


C51 COMPILER V9.54, COMPILATION OF MODULE DIGITAL_V2
OBJECT MODULE PLACED IN .\Objects\digital-v2.obj
COMPILER INVOKED BY: d:\Keil_v5\C51\BIN\C51.EXE digital-v2.c OPTIMIZE(8,SPEED) BROWSE DEBUG OBJECTEXTEND PRINT(.\Listing
                    -s\digital-v2.lst) OBJECT(.\Objects\digital-v2.obj)

line level    source

   1          #include "selfdefine.h"
   2          
   3          unsigned char  digitalTable[10]={0x3f,0x06,0x5b,0x4f,0x66,0x6d,0x7d,0x07,0x7f,0x6f};
   4          
   5          void showNumV2(int position, num){
   6   1          switch(position){
   7   2              case 1: P2_4=1;P2_3=1;P2_2 = 1;break;
   8   2              case 2: P2_4=1;P2_3=1;P2_2 = 0;break;
   9   2              case 3: P2_4=1;P2_3=0;P2_2 = 1;break;
  10   2              case 4: P2_4=1;P2_3=0;P2_2 = 0;break;
  11   2              case 5: P2_4=0;P2_3=1;P2_2 = 1;break;
  12   2              case 6: P2_4=0;P2_3=1;P2_2 = 0;break;
  13   2              case 7: P2_4=0;P2_3=0;P2_2 = 1;break;
  14   2              case 8: P2_4=0;P2_3=0;P2_2 = 0;break;
  15   2          }
  16   1          P0 = digitalTable[num];
  17   1      }


MODULE INFORMATION:   STATIC OVERLAYABLE
   CODE SIZE        =    102    ----
   CONSTANT SIZE    =   ----    ----
   XDATA SIZE       =   ----    ----
   PDATA SIZE       =   ----    ----
   DATA SIZE        =     10    ----
   IDATA SIZE       =   ----    ----
   BIT SIZE         =   ----    ----
END OF MODULE INFORMATION.


C51 COMPILATION COMPLETE.  0 WARNING(S),  0 ERROR(S)
