C51 COMPILER V9.54   DIGITAL                                                               10/27/2025 23:42:57 PAGE 1   


C51 COMPILER V9.54, COMPILATION OF MODULE DIGITAL
OBJECT MODULE PLACED IN .\Objects\digital.obj
COMPILER INVOKED BY: d:\Keil_v5\C51\BIN\C51.EXE digital.c OPTIMIZE(8,SPEED) BROWSE DEBUG OBJECTEXTEND PRINT(.\Listings\d
                    -igital.lst) OBJECT(.\Objects\digital.obj)

line level    source

   1          #include "selfDefine.h"
   2          #include <stdio.h>
   3          int sec_1 = 1 * 1000; 
   4          void clean(){
   5   1          P0 = 0x00;
   6   1          DelayXms(5);
   7   1      }
   8          void show_0(int sec){
   9   1          P0 = 0x3f;
  10   1          DelayXms(sec);
  11   1          clean();
  12   1      }
  13          
  14          void show_1(int sec){
  15   1          P0 = 0x06;
  16   1          DelayXms(sec);
  17   1          clean();
  18   1      }
  19          
  20          void show_2(int sec){
  21   1          P0 = 0x5b;
  22   1          DelayXms(sec);
  23   1          clean();
  24   1      }
  25          
  26          void show_3(int sec){
  27   1          P0 = 0x4F;
  28   1          DelayXms(sec);
  29   1          clean();
  30   1      }
  31          
  32          void show_4(int sec){
  33   1          P0 = 0x66;
  34   1          DelayXms(sec);
  35   1          clean();
  36   1      }
  37          
  38          void show_5(int sec){
  39   1          P0 = 0x6D;
  40   1          DelayXms(sec);
  41   1          clean();
  42   1      }
  43          
  44          void show_6(int sec){
  45   1          P0 = 0x7D;
  46   1          DelayXms(sec);
  47   1          clean();
  48   1      }
  49          
  50          void show_7(int sec){
  51   1          P0 = 0x07;
  52   1          DelayXms(sec);
  53   1          clean();
  54   1      }
C51 COMPILER V9.54   DIGITAL                                                               10/27/2025 23:42:57 PAGE 2   

  55          
  56          void show_8(int sec){
  57   1          P0 = 0x7F;
  58   1          DelayXms(sec);
  59   1          clean();
  60   1      }
  61          
  62          void show_9(int sec){
  63   1          P0 = 0x6f;
  64   1          DelayXms(sec);
  65   1          clean();
  66   1      }
  67          
  68          
  69          void staticDigitalShow(){
  70   1          // 译码器选中第五位
  71   1          P2_4 = 1;
  72   1          P2_3 = 0;
  73   1          P2_2 = 1;
  74   1          // 显示6 就是需要acdefg点亮 0x 0111 1101
  75   1          P0 = 0x7D;
  76   1      
  77   1      
  78   1          while(1){
  79   2          //下面是随便的测试
  80   2          P2_4 = 1;
  81   2          P2_3 = 0;
  82   2          P2_2 = 0;
  83   2          /*
  84   2          码段需要位置是反的，从右往左
  85   2          1000    1001    1010    1011    1100    1101    1110    1111    
  86   2           8       9       10      11      12      13      14      15
  87   2           8       9        A      B       C       D       E       F
  88   2              abcd efgdp
  89   2          0   1111 1100   cf
  90   2          1   0110 0000   06
  91   2          2   1101 1010   AD
  92   2          3   1111 0010   2F
  93   2          4   0110 0110   66
  94   2          5   1011 0110   6B
  95   2          6   1011 1110   EB
  96   2          7   1110 0000   0E
  97   2          8   1111 1110   EF
  98   2          9   1111 0110   6F
  99   2          */
 100   2          // 显示6 就是需要acdefg点亮 0x 0111 1101
 101   2          show_0(sec_1);
 102   2          show_1(sec_1);
 103   2          show_2(sec_1);
 104   2          show_3(sec_1);
 105   2          show_4(sec_1);
 106   2          show_5(sec_1);
 107   2          show_6(sec_1);
 108   2          show_7(sec_1);
 109   2          show_8(sec_1);
 110   2          show_9(sec_1);
 111   2          }
 112   1      }


MODULE INFORMATION:   STATIC OVERLAYABLE
   CODE SIZE        =    186    ----
C51 COMPILER V9.54   DIGITAL                                                               10/27/2025 23:42:57 PAGE 3   

   CONSTANT SIZE    =   ----    ----
   XDATA SIZE       =   ----    ----
   PDATA SIZE       =   ----    ----
   DATA SIZE        =      2    ----
   IDATA SIZE       =   ----    ----
   BIT SIZE         =   ----    ----
END OF MODULE INFORMATION.


C51 COMPILATION COMPLETE.  0 WARNING(S),  0 ERROR(S)
