C51 COMPILER V9.54   MAIN                                                                  10/27/2025 23:57:30 PAGE 1   


C51 COMPILER V9.54, COMPILATION OF MODULE MAIN
OBJECT MODULE PLACED IN .\Objects\main.obj
COMPILER INVOKED BY: d:\Keil_v5\C51\BIN\C51.EXE main.c OPTIMIZE(8,SPEED) BROWSE DEBUG OBJECTEXTEND PRINT(.\Listings\main
                    -.lst) OBJECT(.\Objects\main.obj)

line level    source

   1          
   2          #include "./selfDefine.h"
   3          
   4          
   5          void main(){
   6   1          int num=10;
   7   1              // 先闪烁10次。然后常亮
   8   1              /*
   9   1              int i =0;
  10   1              
  11   1              while(1){
  12   1                      if (i > 9) {
  13   1                              lightOneLed(LED_LIGHT_ALWAYS);
  14   1                      } else {
  15   1                              flickerOneLed(LED_LIGHT_ONCE);
  16   1                              i++;
  17   1                      }
  18   1              }
  19   1              */
  20   1              // 流水灯 方式一
  21   1              //movingLightDisplay1();
  22   1              // movingLightDisplay2();
  23   1              
  24   1              // 按下点亮，松开灯灭
  25   1              // pressLedOn();
  26   1              
  27   1              // 按下取反
  28   1              // swithControlLed();
  29   1              
  30   1              //LED 二进制移位
  31   1              // Led2Bitmoving();
  32   1          
  33   1          // 按键控制LED 左移右移
  34   1          // keyControlLedLightRight();
  35   1          
  36   1          
  37   1          // 操作数码管
  38   1          //      静态显示
  39   1          // staticDigitalShow();
  40   1          /*while(1){
  41   1              showNumV2(1, 1);
  42   1              DelayXms(1);
  43   1              showNumV2(2, 2);
  44   1              DelayXms(1);
  45   1              showNumV2(3, 3);
  46   1              DelayXms(1);
  47   1          }
  48   1      
  49   1          return;
  50   1          while(num--){
  51   1              showNumV2(1, num);
  52   1              DelayXms(500);
  53   1              if (num ==0){
  54   1                  num=10;
C51 COMPILER V9.54   MAIN                                                                  10/27/2025 23:57:30 PAGE 2   

  55   1              }
  56   1          }
  57   1          */
  58   1          
  59   1          // 操作 LCD1602
  60   1          //  operationLCD();
  61   1          key01();
  62   1          
  63   1          
  64   1      
  65   1              
  66   1      }


MODULE INFORMATION:   STATIC OVERLAYABLE
   CODE SIZE        =      9    ----
   CONSTANT SIZE    =   ----    ----
   XDATA SIZE       =   ----    ----
   PDATA SIZE       =   ----    ----
   DATA SIZE        =   ----       2
   IDATA SIZE       =   ----    ----
   BIT SIZE         =   ----    ----
END OF MODULE INFORMATION.


C51 COMPILATION COMPLETE.  0 WARNING(S),  0 ERROR(S)
