C51 COMPILER V9.54   SWITHKEY                                                              10/28/2025 00:05:40 PAGE 1   


C51 COMPILER V9.54, COMPILATION OF MODULE SWITHKEY
OBJECT MODULE PLACED IN .\Objects\swithKey.obj
COMPILER INVOKED BY: d:\Keil_v5\C51\BIN\C51.EXE swithKey.c OPTIMIZE(8,SPEED) BROWSE DEBUG OBJECTEXTEND PRINT(.\Listings\
                    -swithKey.lst) OBJECT(.\Objects\swithKey.obj)

line level    source

   1          #include "selfDefine.h"
   2          void key01(){
   3   1          LCD_Init();
   4   1      
   5   1          P1_7 = 0;
   6   1          while(1){
   7   2          if (P1_3 == 0){
   8   3              DelayXms(20);
   9   3              while(P1_3 ==0) DelayXms(20);
  10   3              LCD_ShowString(1,0,"press  1-1");
  11   3              DelayXms(2000);
  12   3          } else {
  13   3              LCD_ShowString(1,0,"press NONE");
  14   3              DelayXms(20);
  15   3          }
  16   2              
  17   2          }
  18   1      }


MODULE INFORMATION:   STATIC OVERLAYABLE
   CODE SIZE        =     66    ----
   CONSTANT SIZE    =     22    ----
   XDATA SIZE       =   ----    ----
   PDATA SIZE       =   ----    ----
   DATA SIZE        =   ----    ----
   IDATA SIZE       =   ----    ----
   BIT SIZE         =   ----    ----
END OF MODULE INFORMATION.


C51 COMPILATION COMPLETE.  0 WARNING(S),  0 ERROR(S)
